This is pdfTeX, Version 3.14159265-2.6-1.40.19 (TeX Live 2018) (preloaded format=pdflatex 2018.5.28)  29 MAY 2018 00:05
entering extended mode
 restricted \write18 enabled.
 %&-line parsing enabled.
**/Users/kotaro/Documents/ML/ml_book/ml_main.tex
(/Users/kotaro/Documents/ML/ml_book/ml_main.tex
LaTeX2e <2018-04-01> patch level 4
(/usr/local/texlive/2018basic/texmf-dist/tex/platex/jsclasses/jsbook.cls

! LaTeX Error: This file needs format `pLaTeX2e'
               but this is `LaTeX2e'.

See the LaTeX manual or LaTeX Companion for explanation.
Type  H <return>  for immediate help.
 ...                                              
                                                  
l.26 \NeedsTeXFormat{pLaTeX2e}
                              
? 
! Emergency stop.
 ...                                              
                                                  
l.26 \NeedsTeXFormat{pLaTeX2e}
                              
The current input file will not be processed further,
because it was written for some other flavor of TeX.
You're in trouble here.  Try typing  <return>  to proceed.
If that doesn't work, type  X <return>  to quit.

 
Here is how much of TeX's memory you used:
 15 strings out of 494091
 665 string characters out of 6163523
 53387 words of memory out of 5000000
 3783 multiletter control sequences out of 15000+600000
 3640 words of font info for 14 fonts, out of 8000000 for 9000
 319 hyphenation exceptions out of 8191
 13i,0n,8p,113b,14s stack positions out of 5000i,500n,10000p,200000b,80000s
!  ==> Fatal error occurred, no output PDF file produced!
